# JRE version: Java(TM) SE Runtime Environment (8.0_191-b12) (build 1.8.0_191-b12)
# Java VM: Java HotSpot(TM) Client VM (25.191-b12 mixed mode windows-x86 )
Heap:
 def new generation   total 69888K, used 41311K [0x04c00000, 0x097d0000, 0x0f6a0000)
  eden space 62144K,  66% used [0x04c00000, 0x07457e80, 0x088b0000)
  from space 7744K,   0% used [0x09040000, 0x09040000, 0x097d0000)
  to   space 7744K,   0% used [0x088b0000, 0x088b0000, 0x09040000)
 tenured generation   total 221852K, used 133110K [0x0f6a0000, 0x1cf47000, 0x24c00000)
   the space 221852K,  59% used [0x0f6a0000, 0x1789db58, 0x1789dc00, 0x1cf47000)
 Metaspace       used 17138K, capacity 17546K, committed 17664K, reserved 17792K
GC Heap History (10 events):
Event: 2.060 GC heap before
{Heap before GC invocations=9 (full 2):
 def new generation   total 36288K, used 32256K [0x04c00000, 0x07360000, 0x0f6a0000)
  eden space 32256K, 100% used [0x04c00000, 0x06b80000, 0x06b80000)
  from space 4032K,   0% used [0x06b80000, 0x06b80000, 0x06f70000)
  to   space 4032K,   0% used [0x06f70000, 0x06f70000, 0x07360000)
 tenured generation   total 80540K, used 48323K [0x0f6a0000, 0x14547000, 0x24c00000)
   the space 80540K,  59% used [0x0f6a0000, 0x125d0ff8, 0x125d1000, 0x14547000)
 Metaspace       used 1848K, capacity 2274K, committed 2368K, reserved 4480K
Event: 2.088 GC heap after
Heap after GC invocations=10 (full 2):
 def new generation   total 36288K, used 4032K [0x04c00000, 0x07360000, 0x0f6a0000)
  eden space 32256K,   0% used [0x04c00000, 0x04c00000, 0x06b80000)
  from space 4032K, 100% used [0x06f70000, 0x07360000, 0x07360000)
  to   space 4032K,   0% used [0x06b80000, 0x06b80000, 0x06f70000)
 tenured generation   total 80540K, used 61032K [0x0f6a0000, 0x14547000, 0x24c00000)
   the space 80540K,  75% used [0x0f6a0000, 0x1323a0f8, 0x1323a200, 0x14547000)
 Metaspace       used 1848K, capacity 2274K, committed 2368K, reserved 4480K
}
Event: 2.405 GC heap before
{Heap before GC invocations=10 (full 2):
 def new generation   total 36288K, used 36288K [0x04c00000, 0x07360000, 0x0f6a0000)
  eden space 32256K, 100% used [0x04c00000, 0x06b80000, 0x06b80000)
  from space 4032K, 100% used [0x06f70000, 0x07360000, 0x07360000)
  to   space 4032K,   0% used [0x06b80000, 0x06b80000, 0x06f70000)
 tenured generation   total 80540K, used 61032K [0x0f6a0000, 0x14547000, 0x24c00000)
   the space 80540K,  75% used [0x0f6a0000, 0x1323a0f8, 0x1323a200, 0x14547000)
 Metaspace       used 1848K, capacity 2274K, committed 2368K, reserved 4480K
Event: 2.431 GC heap after
Heap after GC invocations=11 (full 2):
 def new generation   total 36288K, used 4032K [0x04c00000, 0x07360000, 0x0f6a0000)
  eden space 32256K,   0% used [0x04c00000, 0x04c00000, 0x06b80000)
  from space 4032K, 100% used [0x06b80000, 0x06f70000, 0x06f70000)
  to   space 4032K,   0% used [0x06f70000, 0x06f70000, 0x07360000)
 tenured generation   total 80540K, used 77062K [0x0f6a0000, 0x14547000, 0x24c00000)
   the space 80540K,  95% used [0x0f6a0000, 0x141e1850, 0x141e1a00, 0x14547000)
 Metaspace       used 1848K, capacity 2274K, committed 2368K, reserved 4480K
}
Event: 2.775 GC heap before
{Heap before GC invocations=11 (full 2):
 def new generation   total 36288K, used 36288K [0x04c00000, 0x07360000, 0x0f6a0000)
  eden space 32256K, 100% used [0x04c00000, 0x06b80000, 0x06b80000)
  from space 4032K, 100% used [0x06b80000, 0x06f70000, 0x06f70000)
  to   space 4032K,   0% used [0x06f70000, 0x06f70000, 0x07360000)
 tenured generation   total 80540K, used 77062K [0x0f6a0000, 0x14547000, 0x24c00000)
   the space 80540K,  95% used [0x0f6a0000, 0x141e1850, 0x141e1a00, 0x14547000)
 Metaspace       used 1848K, capacity 2274K, committed 2368K, reserved 4480K
Event: 2.830 GC heap after
Heap after GC invocations=12 (full 3):
 def new generation   total 69888K, used 4004K [0x04c00000, 0x097d0000, 0x0f6a0000)
  eden space 62144K,   6% used [0x04c00000, 0x04fe9360, 0x088b0000)
  from space 7744K,   0% used [0x088b0000, 0x088b0000, 0x09040000)
  to   space 7744K,   0% used [0x09040000, 0x09040000, 0x097d0000)
 tenured generation   total 155148K, used 93087K [0x0f6a0000, 0x18e23000, 0x24c00000)
   the space 155148K,  59% used [0x0f6a0000, 0x15187ff8, 0x15188000, 0x18e23000)
 Metaspace       used 1848K, capacity 2274K, committed 2368K, reserved 4480K
}
Event: 3.470 GC heap before
{Heap before GC invocations=12 (full 3):
 def new generation   total 69888K, used 62144K [0x04c00000, 0x097d0000, 0x0f6a0000)
  eden space 62144K, 100% used [0x04c00000, 0x088b0000, 0x088b0000)
  from space 7744K,   0% used [0x088b0000, 0x088b0000, 0x09040000)
  to   space 7744K,   0% used [0x09040000, 0x09040000, 0x097d0000)
 tenured generation   total 155148K, used 93087K [0x0f6a0000, 0x18e23000, 0x24c00000)
   the space 155148K,  59% used [0x0f6a0000, 0x15187ff8, 0x15188000, 0x18e23000)
 Metaspace       used 1861K, capacity 2274K, committed 2368K, reserved 4480K
Event: 3.530 GC heap after
Heap after GC invocations=13 (full 3):
 def new generation   total 69888K, used 7744K [0x04c00000, 0x097d0000, 0x0f6a0000)
  eden space 62144K,   0% used [0x04c00000, 0x04c00000, 0x088b0000)
  from space 7744K, 100% used [0x09040000, 0x097d0000, 0x097d0000)
  to   space 7744K,   0% used [0x088b0000, 0x088b0000, 0x09040000)
 tenured generation   total 155148K, used 117984K [0x0f6a0000, 0x18e23000, 0x24c00000)
   the space 155148K,  76% used [0x0f6a0000, 0x169d83f8, 0x169d8400, 0x18e23000)
 Metaspace       used 1861K, capacity 2274K, committed 2368K, reserved 4480K
}
Event: 5.256 GC heap before
{Heap before GC invocations=13 (full 3):
 def new generation   total 69888K, used 50443K [0x04c00000, 0x097d0000, 0x0f6a0000)
  eden space 62144K,  68% used [0x04c00000, 0x075b2cf0, 0x088b0000)
  from space 7744K, 100% used [0x09040000, 0x097d0000, 0x097d0000)
  to   space 7744K,   0% used [0x088b0000, 0x088b0000, 0x09040000)
 tenured generation   total 155148K, used 117984K [0x0f6a0000, 0x18e23000, 0x24c00000)
   the space 155148K,  76% used [0x0f6a0000, 0x169d83f8, 0x169d8400, 0x18e23000)
 Metaspace       used 11940K, capacity 12283K, committed 12288K, reserved 12672K
Event: 5.410 GC heap after
Heap after GC invocations=14 (full 4):
 def new generation   total 69888K, used 0K [0x04c00000, 0x097d0000, 0x0f6a0000)
  eden space 62144K,   0% used [0x04c00000, 0x04c00000, 0x088b0000)
  from space 7744K,   0% used [0x09040000, 0x09040000, 0x097d0000)
  to   space 7744K,   0% used [0x088b0000, 0x088b0000, 0x09040000)
 tenured generation   total 221852K, used 133110K [0x0f6a0000, 0x1cf47000, 0x24c00000)
   the space 221852K,  59% used [0x0f6a0000, 0x1789db58, 0x1789dc00, 0x1cf47000)
 Metaspace       used 11940K, capacity 12283K, committed 12288K, reserved 12672K
}

